<?xml version="1.0" encoding="UTF-8"?>
<!-- Generated by org.testng.reporters.JUnitReportReporter -->
<testsuite skipped="1" hostname="DESKTOP-7769JJ2" name="org.dynamicwebtable.DynamicWebTable" tests="3" failures="0" timestamp="15 Nov 2021 04:32:54 GMT" time="8.454" errors="0">
  <testcase name="tc1" time="4.286" classname="org.dynamicwebtable.DynamicWebTable"/>
  <testcase name="tc2" time="4.168" classname="org.dynamicwebtable.DynamicWebTable"/>
  <testcase name="tc0" classname="org.dynamicwebtable.DynamicWebTable">
    <skipped/>
  </testcase> <!-- tc0 -->
</testsuite> <!-- org.dynamicwebtable.DynamicWebTable -->
